  func.c
C:\Users\Діма\source\repos\vipz2\vipz2\func.c(4,52): warning C4013: 'malloc' undefined; assuming extern returning int
C:\Users\Діма\source\repos\vipz2\vipz2\func.c(21,46): warning C4013: 'calloc' undefined; assuming extern returning int
C:\Users\Діма\source\repos\vipz2\vipz2\func.c(32,9): warning C4013: 'free' undefined; assuming extern returning int
C:\Users\Діма\source\repos\vipz2\vipz2\func.c(44,69): warning C4244: '=': conversion from 'double' to 'int', possible loss of data
C:\Users\Діма\source\repos\vipz2\vipz2\func.c(57,31): warning C4028: formal parameter 1 different from declaration
C:\Users\Діма\source\repos\vipz2\vipz2\func.c(116,9): warning C4013: 'gets' undefined; assuming extern returning int
C:\Users\Діма\source\repos\vipz2\vipz2\func.c(127,14): warning C4047: '=': 'student *' differs in levels of indirection from 'student **'
C:\Users\Діма\source\repos\vipz2\vipz2\func.c(129,24): warning C4047: 'function': 'student **' differs in levels of indirection from 'student ***'
C:\Users\Діма\source\repos\vipz2\vipz2\func.c(129,18): warning C4024: 'AddToBeg': different types for formal and actual parameter 1
C:\Users\Діма\source\repos\vipz2\vipz2\func.c(133,28): warning C4047: 'function': 'student **' differs in levels of indirection from 'student ***'
C:\Users\Діма\source\repos\vipz2\vipz2\func.c(133,22): warning C4024: 'AddToBeg': different types for formal and actual parameter 1
C:\Users\Діма\source\repos\vipz2\vipz2\func.c(137,32): warning C4047: 'function': 'student **' differs in levels of indirection from 'student ***'
C:\Users\Діма\source\repos\vipz2\vipz2\func.c(137,26): warning C4024: 'AddToBeg': different types for formal and actual parameter 1
C:\Users\Діма\source\repos\vipz2\vipz2\func.c(161,18): warning C4047: '=': 'student *' differs in levels of indirection from 'student **'
C:\Users\Діма\source\repos\vipz2\vipz2\func.c(164,22): warning C4047: '=': 'student *' differs in levels of indirection from 'student **'
C:\Users\Діма\source\repos\vipz2\vipz2\func.c(167,28): warning C4047: '==': 'student *' differs in levels of indirection from 'student **'
C:\Users\Діма\source\repos\vipz2\vipz2\func.c(169,35): warning C4047: 'function': 'student **' differs in levels of indirection from 'student ***'
C:\Users\Діма\source\repos\vipz2\vipz2\func.c(169,29): warning C4024: 'deleteStart': different types for formal and actual parameter 1
C:\Users\Діма\source\repos\vipz2\vipz2\func.c(159,1): warning C4047: 'initializing': 'student *' differs in levels of indirection from 'student **'
  main.c
C:\Users\Діма\source\repos\vipz2\vipz2\main.c(7,24): warning C4047: 'function': 'student **' differs in levels of indirection from 'student *'
C:\Users\Діма\source\repos\vipz2\vipz2\main.c(7,19): warning C4024: 'includeToList': different types for formal and actual parameter 1
C:\Users\Діма\source\repos\vipz2\vipz2\main.c(10,28): warning C4047: 'function': 'student **' differs in levels of indirection from 'student *'
C:\Users\Діма\source\repos\vipz2\vipz2\main.c(10,23): warning C4024: 'DeleteLessAverage': different types for formal and actual parameter 1
  Generating Code...
C:\Users\Діма\source\repos\vipz2\vipz2\func.c(56): warning C4715: 'AddToBeg': not all control paths return a value
C:\Users\Діма\source\repos\vipz2\vipz2\func.c(77): warning C4716: 'AddToEnd': must return a value
  vipz2.vcxproj -> C:\Users\Діма\source\repos\vipz2\Debug\vipz2.exe
